SF:lib/mixins/validators.dart
DA:7,0
DA:9,3
DA:10,6
LF:3
LH:2
end_of_record
SF:lib/models/school/school_details_model.dart
DA:9,1
DA:34,0
DA:36,0
DA:38,0
DA:39,0
DA:40,0
DA:41,0
DA:45,0
DA:46,0
DA:47,0
DA:48,0
DA:50,0
LF:12
LH:1
end_of_record
SF:lib/models/school/school_details_model.g.dart
DA:9,0
DA:10,0
DA:14,0
DA:15,0
DA:16,0
DA:17,0
DA:18,0
DA:19,0
DA:20,0
DA:21,0
DA:22,0
DA:23,0
DA:24,0
DA:28,0
DA:29,0
DA:30,0
DA:31,0
DA:32,0
DA:33,0
DA:34,0
DA:35,0
DA:36,0
DA:37,0
DA:38,0
DA:39,0
LF:25
LH:0
end_of_record
SF:lib/models/school/school_model.dart
DA:7,5
DA:22,1
DA:23,1
DA:25,0
DA:27,0
DA:28,0
DA:29,0
DA:30,0
DA:34,0
DA:35,0
DA:36,0
DA:38,0
LF:12
LH:3
end_of_record
SF:lib/models/school/school_model.g.dart
DA:9,1
DA:10,1
DA:14,1
DA:15,1
DA:16,1
DA:17,1
DA:18,1
DA:19,1
DA:20,1
DA:24,0
DA:25,0
DA:26,0
DA:27,0
DA:28,0
DA:29,0
DA:30,0
DA:31,0
LF:17
LH:9
end_of_record
SF:lib/models/school/student_model.dart
DA:9,4
DA:22,0
DA:24,0
DA:26,0
DA:27,0
DA:28,0
DA:29,0
DA:33,0
DA:34,0
DA:35,0
DA:36,0
DA:38,0
LF:12
LH:1
end_of_record
SF:lib/models/school/student_model.g.dart
DA:9,0
DA:10,0
DA:14,0
DA:15,0
DA:16,0
DA:17,0
DA:18,0
DA:19,0
DA:20,0
DA:21,0
DA:25,0
DA:26,0
DA:27,0
DA:28,0
DA:29,0
DA:30,0
DA:31,0
DA:32,0
DA:33,0
LF:19
LH:0
end_of_record
SF:lib/services/base_service.dart
DA:13,6
DA:16,2
DA:17,8
DA:20,2
DA:30,6
DA:31,8
DA:32,8
DA:33,8
DA:35,0
DA:39,2
DA:40,0
DA:41,0
DA:45,0
DA:47,4
DA:48,0
DA:49,0
DA:51,0
DA:52,0
DA:53,0
DA:54,0
DA:59,0
DA:60,0
DA:62,0
DA:63,0
DA:64,0
DA:65,0
DA:70,0
DA:71,0
DA:73,0
LF:29
LH:10
end_of_record
SF:lib/services/repository/school_repository.dart
DA:25,5
DA:27,2
DA:29,2
DA:30,4
DA:31,1
DA:32,6
DA:33,1
DA:34,0
DA:39,0
DA:42,0
DA:44,0
DA:49,1
DA:52,3
DA:54,0
DA:59,0
DA:61,0
DA:62,0
DA:63,0
DA:64,0
DA:65,0
DA:66,0
DA:71,0
DA:74,0
DA:75,0
DA:78,0
DA:79,0
DA:80,0
DA:82,0
DA:87,0
DA:90,0
DA:92,0
DA:93,0
DA:94,0
DA:96,0
DA:101,0
DA:104,0
DA:105,0
DA:108,0
DA:109,0
DA:110,0
DA:115,0
DA:117,0
DA:118,0
DA:119,0
DA:123,0
DA:125,0
LF:46
LH:9
end_of_record
SF:lib/analytics_exception_handler/custom_exception.dart
DA:10,0
LF:1
LH:0
end_of_record
SF:lib/analytics_exception_handler/error_reporting.dart
DA:6,0
LF:1
LH:0
end_of_record
SF:lib/analytics_exception_handler/exception_handler.dart
DA:10,12
DA:12,4
DA:13,4
DA:16,4
DA:18,1
DA:19,1
DA:23,1
DA:25,1
DA:27,1
DA:28,1
DA:30,1
DA:32,1
DA:34,0
DA:36,0
DA:37,0
DA:40,1
DA:43,4
DA:46,4
DA:47,2
DA:55,2
DA:59,2
DA:60,2
DA:61,2
DA:62,2
DA:65,2
DA:68,2
DA:69,4
DA:70,2
DA:73,0
DA:74,0
DA:77,0
DA:81,0
DA:82,0
DA:84,0
DA:87,0
DA:90,0
DA:95,0
DA:98,0
DA:99,0
DA:103,0
DA:108,0
LF:41
LH:25
end_of_record
SF:lib/mixins/notifiers.dart
DA:7,1
DA:9,1
LF:2
LH:2
end_of_record
SF:lib/extensions/dio_request_extension.dart
DA:7,10
DA:10,0
DA:13,0
DA:16,0
DA:19,0
DA:22,0
DA:25,0
DA:28,0
LF:8
LH:1
end_of_record
SF:lib/global_variables.dart
DA:5,6
DA:6,0
DA:7,0
LF:3
LH:1
end_of_record
SF:lib/mixins/helper_methods.dart
DA:8,0
DA:9,0
DA:12,0
DA:13,0
LF:4
LH:0
end_of_record
SF:lib/models/service/queue_item.dart
DA:22,0
DA:24,0
DA:26,0
LF:3
LH:0
end_of_record
SF:lib/models/service/queue_item.g.dart
DA:9,0
DA:10,0
DA:11,0
DA:12,0
DA:13,0
DA:14,0
DA:15,0
DA:16,0
DA:19,0
DA:20,0
DA:21,0
DA:22,0
DA:23,0
DA:24,0
DA:25,0
DA:26,0
LF:16
LH:0
end_of_record
SF:lib/services/interceptors/interceptor.dart
DA:9,2
DA:12,10
DA:13,0
DA:15,2
DA:19,0
DA:22,0
DA:23,0
DA:24,0
DA:26,0
DA:29,2
DA:31,4
DA:32,0
DA:34,2
LF:13
LH:6
end_of_record
SF:lib/services/db/db_configuration.dart
DA:6,0
DA:8,0
DA:9,0
DA:12,0
DA:25,2
DA:27,0
DA:29,0
DA:31,0
DA:32,0
DA:33,0
DA:36,0
DA:37,0
DA:39,0
DA:40,0
DA:41,0
DA:42,0
DA:45,0
DA:46,0
DA:48,0
DA:49,0
DA:50,0
DA:53,0
LF:22
LH:1
end_of_record
SF:lib/services/db/module_db_handler/common_db_handler.dart
DA:5,0
DA:7,0
DA:9,0
DA:10,0
DA:15,0
DA:17,0
DA:20,0
DA:23,0
DA:27,0
DA:28,0
DA:29,0
DA:30,0
DA:31,0
DA:32,0
DA:33,0
DA:34,0
DA:35,0
DA:37,0
DA:44,0
DA:52,0
DA:55,0
DA:57,0
DA:58,0
DA:60,0
DA:63,0
DA:65,0
DA:67,0
DA:68,0
DA:69,0
DA:72,0
DA:74,0
DA:79,0
DA:82,0
DA:85,0
DA:86,0
DA:87,0
DA:88,0
DA:89,0
DA:91,0
DA:92,0
DA:93,0
DA:96,0
DA:97,0
DA:100,0
DA:102,0
DA:107,0
DA:110,0
DA:113,0
DA:115,0
DA:117,0
DA:121,0
DA:123,0
DA:125,0
DA:126,0
DA:131,0
DA:133,0
DA:135,0
DA:136,0
DA:140,0
DA:143,0
DA:146,0
DA:149,0
DA:151,0
DA:152,0
DA:156,0
DA:158,0
DA:159,0
LF:67
LH:0
end_of_record
SF:lib/services/db/offline_handler.dart
DA:40,2
DA:41,2
DA:44,6
DA:46,2
DA:52,0
DA:53,0
DA:57,0
DA:58,0
DA:59,0
DA:60,0
DA:62,0
DA:65,0
DA:66,0
DA:68,0
DA:71,0
DA:74,0
DA:79,0
DA:83,0
DA:85,0
DA:88,0
DA:90,0
DA:91,0
DA:92,0
DA:93,0
DA:94,0
DA:98,0
DA:99,0
DA:100,0
DA:101,0
DA:105,0
DA:108,0
DA:109,0
DA:112,0
DA:115,0
DA:118,0
DA:121,0
DA:123,0
DA:124,0
DA:132,0
DA:134,0
DA:137,0
DA:138,0
DA:140,0
DA:142,0
DA:144,0
DA:145,0
DA:146,0
DA:149,0
DA:152,0
DA:155,0
DA:156,0
DA:157,0
DA:159,0
DA:160,0
DA:165,0
DA:167,0
DA:168,0
DA:173,0
DA:174,0
DA:181,0
DA:184,0
DA:185,0
DA:187,0
DA:189,0
DA:194,0
DA:196,0
DA:197,0
DA:198,0
DA:199,0
DA:201,0
DA:202,0
DA:203,0
DA:208,0
DA:209,0
DA:210,0
DA:211,0
DA:212,0
LF:77
LH:4
end_of_record
SF:lib/services/db/module_db_handler/schools_db_handler.dart
DA:6,0
DA:8,0
DA:10,0
DA:11,0
DA:16,0
DA:18,0
DA:21,0
DA:24,0
DA:26,0
DA:27,0
DA:28,0
DA:29,0
DA:30,0
DA:31,0
DA:32,0
DA:33,0
DA:34,0
DA:35,0
DA:36,0
DA:38,0
DA:40,0
DA:46,0
DA:50,0
DA:51,0
DA:53,0
DA:58,0
DA:60,0
DA:62,0
DA:67,0
DA:68,0
DA:71,0
DA:72,0
DA:75,0
DA:77,0
DA:82,0
DA:85,0
DA:87,0
DA:90,0
DA:91,0
DA:92,0
DA:93,0
DA:95,0
DA:98,0
DA:101,0
DA:102,0
DA:104,0
DA:105,0
DA:107,0
DA:109,0
DA:110,0
DA:111,0
DA:112,0
DA:113,0
DA:116,0
DA:117,0
DA:118,0
DA:121,0
DA:124,0
DA:125,0
DA:126,0
DA:130,0
DA:132,0
DA:137,0
DA:141,0
DA:143,0
DA:144,0
DA:146,0
DA:147,0
DA:149,0
DA:153,0
DA:154,0
DA:157,0
DA:158,0
DA:160,0
DA:163,0
DA:165,0
DA:170,0
DA:173,0
DA:176,0
DA:180,0
DA:182,0
DA:184,0
DA:188,0
DA:189,0
DA:190,0
DA:192,0
DA:193,0
DA:195,0
DA:196,0
DA:197,0
DA:198,0
DA:199,0
DA:204,0
DA:205,0
DA:208,0
DA:210,0
DA:215,0
DA:217,0
DA:218,0
DA:222,0
DA:224,0
DA:225,0
LF:102
LH:0
end_of_record
SF:lib/services/db/dumping_offline_data.dart
DA:4,0
DA:6,0
DA:7,0
DA:10,0
DA:13,0
DA:14,0
DA:16,0
DA:18,0
DA:20,0
DA:21,0
DA:24,0
DA:25,0
DA:26,0
DA:27,0
DA:30,0
DA:32,0
DA:33,0
DA:34,0
DA:35,0
DA:37,0
DA:38,0
DA:40,0
DA:41,0
DA:46,0
DA:47,0
DA:48,0
DA:50,0
DA:51,0
DA:52,0
DA:54,0
DA:56,0
DA:59,0
DA:62,0
DA:64,0
DA:67,0
DA:71,0
DA:72,0
LF:37
LH:0
end_of_record
SF:lib/services/db/module_db_handler/todo_list_db_handler.dart
DA:6,0
DA:8,0
DA:10,0
DA:11,0
DA:16,0
DA:18,0
DA:21,0
DA:24,0
DA:26,0
DA:27,0
DA:28,0
DA:29,0
DA:30,0
DA:31,0
DA:32,0
DA:34,0
DA:36,0
DA:42,0
DA:45,0
DA:48,0
DA:51,0
DA:54,0
DA:57,0
DA:60,0
DA:63,0
DA:66,0
DA:69,0
DA:72,0
DA:74,0
DA:75,0
DA:79,0
DA:81,0
DA:82,0
LF:33
LH:0
end_of_record
SF:lib/services/db/db_handler.dart
DA:12,0
DA:14,0
DA:15,0
DA:16,0
DA:20,0
DA:22,0
DA:23,0
DA:24,0
DA:26,0
DA:27,0
DA:33,0
DA:34,0
DA:37,0
DA:39,0
DA:40,0
DA:41,0
DA:44,0
DA:46,0
DA:47,0
DA:48,0
DA:52,0
DA:55,0
DA:59,0
DA:60,0
DA:64,0
DA:65,0
DA:68,0
DA:69,0
DA:70,0
DA:74,0
DA:75,0
DA:78,0
DA:79,0
DA:82,0
DA:83,0
DA:85,0
DA:86,0
DA:89,0
DA:92,0
DA:94,0
DA:95,0
DA:96,0
DA:101,0
DA:103,0
DA:104,0
DA:109,0
DA:110,0
DA:113,0
LF:48
LH:0
end_of_record
SF:lib/services/utils/abstract_db_handler.dart
DA:12,0
DA:13,0
DA:16,0
DA:17,0
DA:18,0
DA:19,0
DA:24,0
DA:25,0
DA:26,0
LF:9
LH:0
end_of_record
SF:lib/utils/connectivity_handler.dart
DA:9,9
DA:17,3
DA:21,4
DA:23,3
DA:24,3
DA:27,0
DA:28,0
DA:29,0
DA:32,0
DA:34,0
DA:36,0
DA:37,0
DA:39,0
DA:42,0
DA:43,0
DA:45,0
DA:51,0
DA:52,0
DA:53,0
DA:55,0
LF:20
LH:5
end_of_record
SF:lib/utils/device_configurations.dart
DA:10,6
DA:16,36
DA:18,12
DA:20,6
DA:26,6
DA:28,6
DA:30,6
DA:32,5
DA:42,0
DA:45,6
DA:48,4
DA:51,0
DA:53,18
DA:55,3
DA:57,6
DA:59,0
DA:61,0
DA:63,12
DA:65,0
DA:67,0
DA:69,3
DA:71,6
LF:22
LH:16
end_of_record
SF:lib/bloc/school/school_state.dart
DA:11,14
DA:17,7
DA:19,0
DA:20,0
DA:26,14
DA:28,1
DA:29,1
DA:37,4
DA:39,1
DA:40,3
DA:47,1
DA:49,0
DA:51,0
DA:60,1
DA:62,0
DA:64,0
DA:75,3
DA:77,1
DA:79,4
DA:84,7
DA:86,0
DA:87,0
DA:95,4
DA:97,1
DA:98,3
LF:25
LH:17
end_of_record
SF:lib/bloc/school/school_bloc.dart
DA:1,135
LF:1
LH:1
end_of_record
SF:lib/environment/environment.dart
DA:10,12
DA:14,4
DA:15,4
DA:18,4
DA:20,4
DA:22,4
DA:23,0
DA:25,4
DA:26,8
DA:27,0
DA:28,0
DA:32,1
DA:33,1
DA:34,1
DA:38,4
DA:39,4
DA:45,0
DA:46,0
DA:49,0
DA:54,0
DA:55,0
DA:58,0
LF:22
LH:13
end_of_record
SF:lib/main.dart
DA:38,0
DA:39,0
DA:41,0
DA:46,0
DA:47,0
DA:48,0
DA:52,0
DA:53,0
DA:58,0
DA:59,0
DA:62,0
DA:63,0
DA:64,0
DA:65,0
DA:66,0
DA:67,0
DA:74,1
DA:76,1
DA:77,1
DA:82,1
DA:84,2
DA:85,1
DA:88,0
DA:90,0
DA:91,0
DA:92,0
DA:95,0
DA:97,0
DA:98,0
DA:99,0
DA:104,1
DA:106,2
DA:107,3
DA:109,1
DA:111,1
DA:112,1
DA:113,3
DA:114,0
DA:116,1
DA:117,1
DA:118,3
DA:120,1
DA:121,0
DA:122,1
DA:123,1
DA:124,1
DA:125,1
DA:126,3
DA:127,1
DA:128,1
DA:131,1
DA:139,2
DA:155,1
DA:156,1
DA:157,2
DA:158,2
DA:160,0
DA:162,1
DA:163,1
DA:164,2
DA:165,1
LF:61
LH:34
end_of_record
SF:lib/mixins/cards_mixin.dart
DA:6,1
DA:7,1
DA:8,1
DA:9,1
DA:10,1
DA:16,1
DA:42,1
DA:44,1
DA:45,1
DA:46,1
DA:47,1
DA:50,1
DA:51,1
DA:52,3
DA:53,5
DA:55,2
DA:56,3
DA:57,5
LF:18
LH:18
end_of_record
SF:lib/ui/home_screen.dart
DA:19,6
DA:21,1
DA:22,1
DA:30,1
DA:32,2
DA:33,1
DA:34,1
DA:35,1
DA:36,1
DA:38,3
DA:42,3
DA:44,1
DA:45,2
DA:46,3
DA:50,3
DA:54,1
DA:55,1
DA:56,1
DA:57,1
DA:58,0
DA:61,0
DA:63,0
DA:67,1
DA:68,1
DA:69,1
DA:72,1
DA:74,2
DA:75,1
DA:78,1
DA:80,1
DA:158,1
DA:159,1
DA:160,3
DA:161,1
DA:162,1
DA:163,1
DA:164,1
DA:167,1
DA:168,1
DA:169,1
DA:170,2
DA:171,1
DA:172,1
DA:173,1
DA:174,2
DA:178,0
DA:179,0
DA:180,5
DA:185,0
DA:187,0
DA:190,0
DA:191,0
DA:192,0
DA:193,0
DA:194,0
DA:195,0
DA:196,0
DA:197,0
DA:198,0
DA:199,0
DA:200,0
DA:202,0
DA:205,0
DA:207,0
DA:209,0
DA:211,0
DA:213,0
DA:215,0
DA:217,0
DA:219,0
DA:224,0
DA:225,0
DA:226,0
DA:228,0
DA:231,0
DA:232,0
DA:234,0
DA:235,0
DA:238,0
DA:240,0
DA:241,0
DA:251,1
DA:252,4
DA:253,1
DA:264,1
DA:265,1
DA:266,0
DA:267,0
DA:272,0
DA:273,0
DA:275,0
DA:276,0
DA:278,0
DA:280,0
DA:281,0
DA:283,0
DA:284,0
DA:285,0
DA:286,0
DA:290,0
DA:297,0
DA:298,0
DA:308,0
DA:309,0
DA:311,0
DA:312,0
LF:106
LH:48
end_of_record
SF:lib/mixins/dialogs.dart
DA:7,2
DA:8,2
DA:10,2
DA:11,2
DA:12,2
DA:13,2
DA:15,18
DA:21,2
DA:26,2
DA:27,2
DA:28,2
DA:30,2
DA:31,2
DA:33,8
DA:36,2
DA:40,2
DA:47,2
DA:48,2
DA:50,2
DA:52,2
DA:56,2
DA:57,2
DA:58,4
DA:59,4
DA:60,4
DA:65,1
DA:66,1
DA:68,1
DA:69,1
DA:70,1
DA:71,1
DA:72,1
DA:73,4
DA:79,0
DA:81,0
DA:83,0
DA:84,0
DA:85,0
DA:86,0
DA:87,0
DA:88,0
DA:89,0
LF:42
LH:33
end_of_record
SF:lib/mixins/feature_discovery_mixin.dart
DA:6,3
DA:7,3
DA:9,6
LF:3
LH:3
end_of_record
SF:lib/ui/push_notifcations/push_notification_service.dart
DA:19,2
DA:20,1
DA:22,0
DA:26,0
DA:27,0
DA:29,0
DA:31,0
DA:33,0
DA:34,0
DA:38,0
DA:39,0
DA:44,0
DA:88,1
DA:90,2
DA:92,0
DA:93,0
DA:94,0
DA:95,0
DA:96,0
DA:98,0
DA:100,1
DA:102,1
DA:103,1
DA:106,2
DA:108,0
DA:112,1
DA:116,1
DA:121,0
DA:123,1
DA:125,2
DA:129,0
DA:136,0
DA:137,0
DA:138,0
DA:142,0
DA:145,0
DA:146,0
DA:148,0
DA:149,0
DA:150,0
DA:152,0
DA:153,0
DA:159,0
LF:43
LH:12
end_of_record
SF:lib/widgets/custom_dropdown.dart
DA:6,4
DA:18,2
DA:20,2
DA:21,6
DA:22,4
DA:23,2
DA:24,2
LF:7
LH:7
end_of_record
SF:lib/adsense_web_stub.dart
DA:2,0
LF:1
LH:0
end_of_record
SF:lib/environment/app_configuration.dart
DA:12,4
LF:1
LH:1
end_of_record
SF:lib/extensions/widget_extension.dart
DA:6,4
DA:7,4
LF:2
LH:2
end_of_record
SF:lib/latest_3.0.dart
DA:6,0
DA:7,0
DA:8,0
DA:9,0
DA:13,0
DA:15,0
DA:18,0
DA:19,0
DA:20,0
DA:23,0
DA:24,0
DA:29,0
DA:35,0
DA:44,0
DA:46,0
DA:47,0
DA:53,0
DA:56,0
DA:57,0
DA:63,0
DA:66,0
DA:67,0
LF:22
LH:0
end_of_record
SF:lib/provider/common_provider.dart
DA:5,4
DA:11,0
DA:12,0
DA:13,0
DA:16,0
DA:17,0
DA:18,0
DA:21,0
DA:23,0
DA:24,0
DA:25,0
DA:26,0
DA:27,0
DA:28,0
DA:30,0
DA:32,0
DA:37,0
DA:39,0
DA:40,0
DA:41,0
DA:42,0
DA:43,0
DA:44,0
DA:45,0
DA:49,2
DA:51,0
DA:53,4
DA:54,14
LF:28
LH:4
end_of_record
SF:lib/routing.dart
DA:66,3
DA:69,3
DA:70,1
DA:72,1
DA:73,1
DA:75,0
DA:76,1
DA:82,1
DA:83,1
DA:86,1
DA:91,1
DA:92,1
DA:93,1
DA:94,1
DA:95,1
DA:98,0
DA:101,1
DA:104,0
DA:107,1
DA:110,0
DA:113,1
DA:116,0
DA:119,1
DA:120,1
DA:123,0
DA:124,0
DA:126,1
DA:129,0
DA:133,1
DA:136,0
DA:140,1
DA:143,0
DA:144,0
DA:146,1
DA:147,1
DA:150,0
DA:151,0
DA:154,1
DA:157,0
DA:162,1
DA:165,0
DA:169,1
DA:170,1
DA:173,0
DA:174,0
DA:181,1
DA:182,1
DA:186,0
DA:193,0
DA:200,0
DA:207,0
DA:214,0
DA:221,0
DA:228,0
DA:235,0
DA:242,0
DA:249,0
DA:255,1
DA:256,1
DA:259,0
DA:260,0
DA:262,4
DA:264,0
DA:265,0
DA:266,0
DA:268,0
DA:272,1
DA:273,1
DA:276,0
DA:281,0
DA:282,0
DA:285,1
DA:286,1
DA:289,0
DA:290,0
DA:291,0
DA:293,1
DA:294,1
DA:297,0
DA:298,0
DA:299,0
DA:305,1
DA:306,1
DA:307,1
DA:308,0
DA:309,0
DA:311,1
DA:312,1
DA:313,1
DA:314,0
DA:315,1
DA:316,1
DA:318,1
DA:319,0
DA:320,1
DA:321,1
DA:323,1
DA:324,0
DA:325,1
DA:326,1
DA:328,1
DA:329,0
DA:330,1
DA:331,1
DA:333,1
DA:334,0
DA:342,1
DA:343,1
DA:344,2
DA:345,3
DA:346,5
DA:347,5
DA:350,2
DA:351,0
DA:356,1
DA:357,1
DA:358,1
DA:359,0
DA:360,1
DA:361,1
DA:363,1
DA:364,0
DA:366,1
DA:368,1
DA:369,0
DA:374,0
DA:376,0
DA:377,0
DA:380,0
DA:382,0
DA:385,0
DA:386,0
DA:392,0
DA:394,0
DA:395,0
DA:396,0
DA:397,0
DA:400,0
LF:138
LH:72
end_of_record
SF:lib/theme.dart
DA:6,1
DA:7,1
DA:9,2
DA:10,4
DA:12,4
DA:31,1
DA:34,1
DA:39,1
DA:43,1
DA:47,1
DA:51,1
DA:56,4
DA:58,1
DA:59,1
DA:60,1
DA:61,0
DA:67,1
DA:68,0
DA:74,1
DA:75,2
DA:76,1
DA:77,0
DA:84,4
DA:86,1
DA:89,1
DA:90,2
DA:96,2
DA:97,2
DA:102,5
DA:104,5
DA:106,1
DA:107,1
DA:108,1
DA:111,1
DA:112,0
DA:113,0
DA:120,1
DA:124,1
DA:127,1
DA:128,0
DA:131,0
DA:145,1
DA:146,1
LF:43
LH:36
end_of_record
SF:lib/mixins/buttons_mixin.dart
DA:5,3
DA:6,3
DA:7,0
DA:9,0
DA:10,0
DA:11,0
DA:17,0
DA:19,0
DA:21,0
LF:9
LH:2
end_of_record
SF:lib/mixins/helper_widgets_mixin.dart
DA:9,0
DA:10,0
DA:11,0
DA:12,0
DA:14,0
DA:15,0
DA:16,0
DA:20,0
DA:27,0
DA:28,0
DA:29,0
DA:30,0
DA:32,0
DA:35,0
DA:36,0
DA:37,0
DA:38,0
DA:43,0
DA:51,0
DA:52,0
DA:53,0
DA:54,0
DA:58,0
DA:59,0
DA:60,0
DA:61,0
DA:68,0
DA:70,0
DA:72,1
DA:73,1
DA:74,1
DA:75,2
DA:76,1
DA:77,1
DA:83,1
DA:86,1
DA:87,6
DA:88,0
DA:89,0
DA:90,0
DA:92,0
DA:93,0
DA:95,0
DA:96,0
DA:98,0
DA:103,3
DA:111,0
DA:112,0
DA:113,0
DA:114,0
DA:116,0
DA:118,0
DA:119,0
DA:120,0
DA:128,0
DA:129,0
DA:130,0
DA:134,4
DA:135,2
DA:136,2
DA:139,8
LF:61
LH:14
end_of_record
SF:lib/mixins/loaders.dart
DA:6,5
LF:1
LH:1
end_of_record
SF:lib/provider/route_provider.dart
DA:10,0
DA:11,0
DA:12,0
DA:15,0
DA:16,0
DA:17,0
LF:6
LH:0
end_of_record
SF:lib/ui/deep_linking/deep_linking.dart
DA:9,0
DA:17,0
DA:19,0
DA:20,0
DA:21,0
DA:24,0
DA:26,0
DA:31,0
DA:32,0
DA:34,0
DA:35,0
DA:36,0
DA:37,0
DA:39,0
DA:41,0
DA:42,0
DA:43,0
DA:45,0
DA:51,0
LF:19
LH:0
end_of_record
SF:lib/ui/exception/page_not_found.dart
DA:9,0
DA:11,0
DA:13,0
DA:14,0
DA:15,0
DA:17,0
DA:18,0
DA:19,0
DA:22,0
DA:23,0
DA:24,0
LF:11
LH:0
end_of_record
SF:lib/ui/plugins/plugins_dashboard.dart
DA:8,0
DA:16,0
DA:18,0
DA:19,0
DA:21,0
DA:23,0
DA:26,0
DA:27,0
DA:28,0
DA:29,0
DA:33,0
DA:37,0
DA:39,0
DA:40,0
DA:41,0
DA:42,0
DA:43,0
DA:44,0
DA:46,0
LF:19
LH:0
end_of_record
SF:lib/ui/push_notifcations/firebase_push_notifications.dart
DA:18,6
DA:20,0
DA:21,0
DA:35,0
DA:37,0
DA:38,0
DA:39,0
DA:40,0
DA:43,0
DA:47,0
DA:48,0
DA:52,0
DA:54,0
DA:55,0
DA:56,0
DA:57,0
DA:58,0
DA:60,0
DA:64,0
DA:68,0
DA:69,0
DA:73,0
DA:74,0
DA:75,0
DA:76,0
DA:77,0
DA:79,0
DA:81,0
DA:82,0
DA:83,0
DA:84,0
DA:87,0
DA:92,0
DA:94,0
DA:95,0
DA:97,0
DA:99,0
DA:100,0
DA:101,0
DA:102,0
DA:103,0
DA:106,0
DA:113,0
DA:115,0
DA:116,0
DA:119,0
DA:120,0
DA:122,0
DA:123,0
DA:124,0
DA:125,0
DA:126,0
DA:128,0
DA:129,0
DA:130,0
DA:132,0
DA:133,0
DA:134,0
DA:136,0
DA:137,0
DA:139,0
DA:145,0
DA:150,0
DA:151,0
DA:153,0
DA:155,0
DA:156,0
DA:158,0
DA:161,0
DA:162,0
DA:166,0
DA:167,0
DA:177,0
DA:178,0
DA:181,0
DA:185,0
DA:187,0
DA:190,0
DA:191,0
DA:193,0
DA:196,0
DA:201,0
DA:203,0
DA:205,0
DA:206,0
DA:207,0
DA:208,0
DA:209,0
DA:210,0
DA:212,0
DA:213,0
DA:220,0
DA:225,0
DA:226,0
DA:227,0
DA:228,0
DA:230,0
DA:235,0
DA:238,0
DA:243,0
DA:247,0
DA:250,0
DA:257,0
DA:261,0
LF:104
LH:1
end_of_record
SF:lib/ui/push_notifcations/local_pushNotifications.dart
DA:6,6
DA:8,0
DA:9,0
DA:14,0
LF:4
LH:1
end_of_record
SF:lib/ui/push_notifcations/notifications.dart
DA:9,0
DA:11,0
DA:12,0
DA:18,0
DA:20,0
DA:21,0
DA:22,0
DA:25,0
DA:26,0
DA:27,0
DA:28,0
DA:30,0
DA:31,0
DA:32,0
DA:33,0
DA:34,0
DA:37,0
DA:38,0
DA:41,0
DA:51,0
LF:20
LH:0
end_of_record
SF:lib/ui/regular_widgets/animations/custom_implicit_animation_widgets.dart
DA:4,6
DA:6,0
DA:7,0
DA:11,0
DA:13,0
LF:5
LH:1
end_of_record
SF:lib/ui/regular_widgets/animations/explicit_animation_widgets.dart
DA:7,6
DA:9,0
DA:10,0
DA:31,0
DA:33,0
DA:34,0
DA:35,0
DA:36,0
DA:38,0
DA:41,0
DA:42,0
DA:43,0
DA:47,0
DA:48,0
DA:50,0
DA:51,0
DA:54,0
DA:57,0
DA:59,0
DA:60,0
LF:20
LH:1
end_of_record
SF:lib/ui/regular_widgets/animations/implicit_animations_widgets.dart
DA:7,6
DA:9,0
DA:10,0
DA:41,0
DA:43,0
DA:44,0
DA:46,0
DA:49,0
DA:50,0
DA:51,0
DA:52,0
DA:53,0
DA:54,0
DA:55,0
DA:59,0
DA:61,0
DA:62,0
DA:63,0
DA:64,0
DA:66,0
DA:68,0
DA:70,0
DA:73,0
DA:74,0
DA:75,0
DA:79,0
DA:80,0
DA:82,0
DA:83,0
DA:86,0
DA:89,0
DA:91,0
DA:92,0
DA:93,0
DA:94,0
DA:95,0
DA:96,0
DA:97,0
DA:98,0
DA:103,0
DA:104,0
DA:105,0
DA:107,0
DA:115,0
DA:116,0
DA:117,0
DA:122,0
DA:123,0
DA:124,0
DA:125,0
DA:132,0
DA:133,0
DA:135,0
DA:138,0
DA:139,0
DA:140,0
DA:146,0
DA:147,0
DA:150,0
DA:151,0
DA:154,0
DA:155,0
LF:62
LH:1
end_of_record
SF:lib/ui/plugins/youtube.dart
DA:6,0
DA:15,0
DA:17,0
DA:18,0
DA:25,0
LF:5
LH:0
end_of_record
SF:lib/ui/regular_widgets/cupertino_components.dart
DA:8,6
DA:10,0
DA:11,0
DA:28,0
DA:30,0
DA:31,0
DA:33,0
DA:36,0
DA:37,0
DA:38,0
DA:39,0
DA:40,0
DA:41,0
DA:42,0
DA:43,0
DA:50,0
DA:51,0
DA:57,0
DA:58,0
DA:60,0
DA:64,0
DA:65,0
DA:66,0
DA:67,0
DA:70,0
DA:71,0
DA:73,0
DA:74,0
DA:78,0
DA:80,0
DA:81,0
DA:91,0
DA:92,0
DA:94,0
DA:95,0
DA:96,0
DA:99,0
DA:103,0
DA:104,0
DA:106,0
DA:110,0
DA:111,0
DA:112,0
DA:118,0
DA:119,0
DA:120,0
DA:122,0
DA:126,0
DA:128,0
DA:129,0
DA:132,0
DA:133,0
DA:134,0
DA:138,0
DA:139,0
LF:55
LH:1
end_of_record
SF:lib/ui/regular_widgets/material_components.dart
DA:6,6
DA:8,0
DA:9,0
DA:24,0
DA:26,0
DA:27,0
DA:30,0
DA:32,0
DA:33,0
DA:37,0
DA:38,0
DA:39,0
DA:41,0
DA:45,0
DA:49,0
DA:50,0
DA:52,0
DA:55,0
DA:56,0
DA:57,0
DA:58,0
DA:64,0
DA:65,0
DA:67,0
DA:69,0
DA:70,0
DA:71,0
DA:72,0
DA:74,0
DA:75,0
DA:76,0
DA:84,0
DA:85,0
DA:87,0
DA:89,0
DA:91,0
DA:92,0
DA:93,0
DA:94,0
DA:99,0
DA:100,0
DA:114,0
DA:115,0
DA:117,0
DA:119,0
DA:120,0
DA:122,0
DA:123,0
DA:124,0
DA:131,0
DA:137,0
DA:138,0
DA:140,0
DA:141,0
DA:142,0
DA:148,0
DA:149,0
DA:151,0
DA:152,0
DA:153,0
DA:158,0
DA:159,0
DA:160,0
DA:170,0
DA:171,0
DA:173,0
DA:174,0
DA:175,0
DA:176,0
DA:177,0
DA:182,0
DA:183,0
DA:185,0
DA:186,0
DA:188,0
DA:190,0
DA:191,0
DA:192,0
DA:196,0
DA:198,0
DA:199,0
DA:208,0
DA:209,0
DA:210,0
DA:219,0
DA:220,0
DA:222,0
DA:223,0
DA:224,0
DA:228,0
DA:229,0
DA:232,0
DA:233,0
DA:235,0
DA:236,0
DA:241,0
DA:242,0
DA:243,0
DA:245,0
DA:246,0
DA:248,0
DA:249,0
DA:251,0
DA:252,0
DA:256,0
DA:257,0
DA:266,0
DA:268,0
DA:269,0
DA:279,0
DA:280,0
DA:283,0
DA:284,0
DA:285,0
DA:287,0
DA:289,0
DA:291,0
DA:298,0
DA:299,0
DA:300,0
DA:304,0
DA:305,0
DA:306,0
DA:311,0
DA:312,0
DA:313,0
DA:317,0
DA:318,0
DA:319,0
LF:129
LH:1
end_of_record
SF:lib/ui/regular_widgets/dialogs.dart
DA:8,6
DA:10,0
DA:12,0
DA:18,0
DA:19,0
DA:20,0
DA:21,0
DA:23,0
DA:24,0
DA:25,0
DA:27,0
DA:28,0
DA:29,0
DA:31,0
DA:32,0
DA:33,0
DA:37,0
DA:40,0
DA:44,0
DA:45,0
DA:46,0
DA:47,0
DA:48,0
DA:51,0
DA:54,0
DA:57,0
DA:58,0
DA:59,0
DA:60,0
DA:63,0
DA:64,0
DA:65,0
DA:67,0
DA:69,0
DA:70,0
DA:77,0
DA:79,0
DA:81,0
DA:86,0
DA:87,0
DA:89,0
DA:90,0
DA:91,0
DA:97,0
DA:98,0
DA:102,0
DA:106,0
DA:113,0
DA:125,0
DA:126,0
LF:50
LH:1
end_of_record
SF:lib/ui/regular_widgets/regular_widgets_dashboard.dart
DA:10,0
DA:27,0
DA:29,0
DA:30,0
DA:32,0
DA:34,0
DA:37,0
DA:38,0
DA:39,0
DA:40,0
DA:41,0
DA:44,0
DA:47,0
DA:48,0
DA:49,0
DA:51,0
DA:52,0
DA:53,0
DA:54,0
DA:58,0
DA:59,0
DA:60,0
DA:64,0
DA:65,0
DA:68,0
DA:69,0
DA:71,0
DA:72,0
DA:73,0
DA:75,0
DA:78,0
DA:80,0
DA:81,0
DA:82,0
DA:85,0
DA:86,0
DA:87,0
DA:90,0
LF:38
LH:0
end_of_record
SF:lib/ui/automatic_keep_alive.dart
DA:7,6
DA:9,0
DA:11,0
DA:21,0
DA:23,0
DA:26,0
DA:28,0
DA:29,0
DA:30,0
DA:31,0
DA:40,0
DA:42,0
DA:43,0
DA:57,0
DA:58,0
DA:59,0
DA:60,0
DA:61,0
DA:62,0
DA:79,0
DA:81,0
DA:82,0
DA:88,0
DA:89,0
DA:91,0
DA:93,0
DA:94,0
DA:95,0
DA:96,0
DA:97,0
DA:98,0
DA:103,0
DA:104,0
DA:105,0
DA:109,0
DA:110,0
DA:112,0
LF:37
LH:1
end_of_record
SF:lib/ui/regular_widgets/selectable_text.dart
DA:8,6
DA:10,0
DA:11,0
DA:18,0
DA:20,0
DA:23,0
DA:25,0
DA:28,0
DA:30,0
DA:31,0
DA:32,0
DA:33,0
DA:35,0
DA:39,0
DA:45,0
DA:46,0
DA:48,0
DA:52,0
DA:57,0
DA:58,0
DA:59,0
DA:60,0
DA:61,0
DA:62,0
DA:66,0
DA:69,0
DA:71,0
DA:72,0
DA:77,0
DA:82,0
DA:84,0
DA:86,0
DA:90,0
DA:91,0
DA:92,0
DA:93,0
DA:95,0
DA:99,0
DA:103,0
DA:104,0
DA:105,0
DA:107,0
DA:120,0
DA:121,0
DA:122,0
DA:123,0
DA:124,0
DA:125,0
DA:126,0
DA:128,0
LF:50
LH:1
end_of_record
SF:lib/ui/regular_widgets/tables.dart
DA:11,0
DA:15,6
DA:17,0
DA:18,0
DA:29,0
DA:31,0
DA:32,0
DA:34,0
DA:35,0
DA:36,0
DA:39,0
DA:41,0
DA:42,0
DA:43,0
DA:44,0
DA:45,0
DA:46,0
DA:47,0
DA:49,0
DA:51,0
DA:55,0
DA:56,0
DA:58,0
DA:59,0
DA:60,0
DA:61,0
DA:62,0
DA:63,0
DA:67,0
DA:68,0
DA:69,0
DA:70,0
DA:79,0
DA:80,0
DA:82,0
DA:89,0
DA:90,0
DA:108,0
DA:109,0
DA:110,0
DA:113,0
DA:115,0
DA:118,0
DA:119,0
DA:120,0
DA:121,0
DA:122,0
DA:123,0
DA:124,0
DA:125,0
DA:128,0
DA:129,0
DA:130,0
DA:131,0
DA:132,0
DA:133,0
DA:136,0
DA:139,0
DA:140,0
DA:141,0
DA:152,0
DA:154,0
DA:155,0
DA:157,0
DA:159,0
DA:160,0
DA:161,0
DA:162,0
DA:163,0
DA:164,0
DA:165,0
DA:166,0
DA:167,0
DA:168,0
DA:169,0
DA:177,0
DA:180,0
LF:77
LH:1
end_of_record
SF:lib/ui/routing_features/route_dashboard.dart
DA:13,0
DA:21,0
DA:23,0
DA:24,0
DA:26,0
DA:28,0
DA:29,0
DA:30,0
DA:31,0
DA:32,0
DA:33,0
DA:34,0
DA:38,0
DA:39,0
DA:44,0
DA:46,0
DA:47,0
DA:48,0
DA:50,0
LF:19
LH:0
end_of_record
SF:lib/ui/routing_features/shell_route/shell_child_one/shell_parent.dart
DA:8,6
DA:10,0
DA:12,0
DA:14,0
DA:15,0
DA:22,0
DA:24,0
DA:25,0
DA:26,0
DA:27,0
DA:30,0
DA:35,0
DA:37,0
DA:40,0
DA:42,0
LF:15
LH:1
end_of_record
SF:lib/ui/routing_features/shell_route/shell_child_one/shell_child_one.dart
DA:8,6
DA:10,0
DA:12,0
DA:14,0
DA:19,0
DA:20,0
DA:22,0
DA:23,0
DA:24,0
DA:25,0
DA:28,0
DA:29,0
DA:36,0
DA:40,0
LF:14
LH:1
end_of_record
SF:lib/ui/routing_features/shell_route/shell_child_one/shell_child_three.dart
DA:7,6
DA:9,0
DA:11,0
DA:13,0
DA:18,0
DA:19,0
DA:21,0
DA:22,0
DA:23,0
DA:24,0
DA:27,0
LF:11
LH:1
end_of_record
SF:lib/ui/routing_features/shell_route/shell_child_one/shell_child_two.dart
DA:8,6
DA:10,0
DA:12,0
DA:14,0
DA:19,0
DA:20,0
DA:22,0
DA:23,0
DA:24,0
DA:25,0
DA:28,0
DA:29,0
DA:36,0
DA:40,0
LF:14
LH:1
end_of_record
SF:lib/ui/routing_features/shell_route/shell_routing.dart
DA:10,0
DA:12,0
DA:14,0
DA:15,0
DA:16,0
DA:17,0
DA:19,0
DA:20,0
DA:22,0
DA:24,0
LF:10
LH:0
end_of_record
SF:lib/ui/routing_features/state_ful_shell_routing_with_indexed.dart
DA:9,0
DA:11,0
DA:12,0
DA:20,0
DA:22,0
DA:23,0
DA:24,0
DA:27,0
DA:28,0
DA:29,0
DA:30,0
DA:31,0
DA:32,0
DA:33,0
DA:34,0
DA:35,0
DA:38,0
DA:41,0
DA:42,0
DA:45,0
LF:20
LH:0
end_of_record
SF:lib/ui/routing_features/stateful_shell_routing_without_indexed.dart
DA:6,6
DA:8,0
DA:9,0
DA:13,0
DA:15,0
LF:5
LH:1
end_of_record
SF:lib/ui/scrolling/scroll_types.dart
DA:8,6
DA:25,0
DA:27,0
DA:28,0
DA:30,0
DA:31,0
DA:32,0
DA:33,0
DA:34,0
DA:35,0
DA:36,0
DA:38,0
DA:44,0
LF:13
LH:1
end_of_record
SF:lib/ui/regular_widgets/cards_list_view_grid.dart
DA:4,6
DA:6,0
DA:7,0
DA:11,0
DA:13,0
DA:14,0
DA:15,0
DA:16,0
DA:21,0
DA:22,0
DA:26,0
DA:27,0
DA:28,0
DA:39,0
DA:40,0
DA:45,0
DA:46,0
DA:48,0
DA:51,0
DA:52,0
DA:53,0
DA:55,0
LF:22
LH:1
end_of_record
SF:lib/ui/schools/school_details.dart
DA:26,4
DA:28,2
DA:29,2
DA:34,2
DA:36,4
DA:37,6
DA:38,2
DA:39,2
DA:42,2
DA:44,2
DA:46,2
DA:47,2
DA:48,2
DA:51,2
DA:52,2
DA:53,2
DA:54,4
DA:56,2
DA:57,4
DA:58,2
DA:59,2
DA:60,2
DA:61,2
DA:62,1
DA:63,1
DA:64,2
DA:69,2
DA:73,1
DA:74,1
DA:75,1
DA:76,1
DA:77,1
DA:79,1
DA:80,1
DA:81,3
DA:84,2
DA:87,1
DA:88,1
DA:89,1
DA:90,3
DA:92,1
DA:94,2
DA:96,3
DA:100,1
DA:101,1
DA:107,1
DA:108,1
DA:109,1
DA:110,1
DA:112,1
DA:114,1
DA:115,1
DA:116,1
DA:119,3
DA:122,1
DA:123,1
DA:125,1
DA:126,1
DA:128,1
DA:129,1
DA:131,5
DA:132,1
DA:133,1
DA:134,2
DA:136,2
DA:138,2
DA:140,3
DA:142,2
DA:144,3
DA:146,2
DA:148,3
DA:159,5
DA:160,9
DA:162,1
DA:164,1
DA:165,1
DA:171,1
DA:172,1
DA:173,2
DA:174,1
DA:175,1
DA:179,1
DA:180,1
DA:182,1
DA:186,1
DA:187,1
DA:188,1
DA:189,2
DA:191,1
DA:192,2
DA:193,0
DA:194,1
DA:195,2
DA:196,1
DA:197,0
DA:199,1
DA:202,1
DA:207,1
DA:210,2
DA:212,1
DA:213,6
DA:214,1
DA:215,1
DA:218,1
DA:219,1
DA:220,1
DA:222,2
DA:223,2
DA:224,1
DA:225,0
DA:226,0
DA:229,1
DA:234,0
DA:235,0
DA:238,1
DA:239,5
DA:242,0
DA:243,0
DA:246,0
DA:247,0
DA:248,0
DA:249,0
DA:250,0
DA:251,0
LF:124
LH:110
end_of_record
SF:lib/ui/schools/schools.dart
DA:22,10
DA:24,2
DA:25,2
DA:29,2
DA:31,6
DA:32,6
DA:33,6
DA:35,2
DA:38,2
DA:40,2
DA:41,2
DA:43,2
DA:44,2
DA:46,2
DA:48,8
DA:49,2
DA:50,1
DA:51,1
DA:52,2
DA:54,2
DA:55,2
DA:57,2
DA:59,2
DA:60,2
DA:64,10
DA:65,4
DA:67,2
DA:68,6
DA:69,6
DA:70,6
DA:71,6
DA:76,4
DA:78,2
DA:83,2
DA:84,2
DA:85,2
DA:86,4
DA:88,2
DA:89,4
DA:90,2
DA:91,2
DA:92,2
DA:93,2
DA:94,4
DA:96,0
DA:101,1
DA:103,2
DA:105,1
DA:106,6
DA:107,1
DA:108,1
DA:109,1
DA:110,1
DA:111,1
DA:113,2
DA:114,1
DA:115,1
DA:117,1
DA:119,2
DA:122,1
DA:123,1
DA:124,3
DA:125,3
DA:128,0
DA:130,1
DA:134,2
DA:135,2
DA:136,6
DA:138,2
DA:140,2
DA:141,2
DA:143,2
DA:144,4
DA:145,6
DA:150,2
DA:151,2
DA:152,0
DA:156,2
DA:157,2
DA:158,6
DA:159,2
DA:161,2
DA:163,0
DA:164,0
DA:165,0
DA:170,4
DA:175,2
DA:176,6
DA:179,0
DA:181,0
DA:182,0
DA:185,0
DA:188,1
DA:189,2
DA:192,0
DA:193,0
DA:196,0
DA:197,0
DA:200,0
DA:201,0
DA:202,0
LF:101
LH:84
end_of_record
SF:lib/ui/schools/student.dart
DA:15,1
DA:16,0
DA:18,1
DA:19,1
DA:23,1
DA:25,3
DA:26,2
DA:27,5
DA:29,1
DA:32,1
DA:34,1
DA:35,3
DA:38,1
DA:39,1
DA:43,1
DA:44,2
DA:46,1
DA:47,2
DA:48,1
DA:49,1
DA:50,2
DA:51,0
DA:52,0
DA:54,0
DA:57,1
DA:61,1
DA:62,1
DA:63,1
DA:64,6
DA:65,1
DA:66,1
DA:68,3
DA:71,1
DA:74,1
DA:75,1
DA:78,1
DA:79,2
DA:80,2
DA:81,2
DA:86,0
DA:87,0
DA:88,0
LF:42
LH:35
end_of_record
SF:lib/ui/isolates/isolate_home.dart
DA:8,6
DA:10,0
DA:12,0
DA:13,0
DA:14,0
DA:15,0
DA:16,0
DA:17,0
DA:18,0
DA:19,0
DA:20,0
DA:21,0
DA:22,0
DA:30,0
DA:32,0
DA:33,0
DA:34,0
DA:35,0
LF:18
LH:1
end_of_record
SF:lib/ui/isolates/isolate_with_compute.dart
DA:8,0
DA:13,0
DA:15,0
DA:16,0
DA:17,0
DA:18,0
DA:19,0
DA:21,0
DA:24,0
DA:25,0
DA:26,0
DA:27,0
DA:28,0
DA:32,0
DA:33,0
DA:34,0
DA:35,0
DA:36,0
DA:37,0
DA:38,0
DA:49,0
DA:51,0
DA:52,0
DA:53,0
DA:56,0
DA:57,0
DA:58,0
DA:61,0
DA:62,0
DA:64,0
DA:68,0
DA:69,0
DA:71,0
DA:72,0
DA:76,0
DA:77,0
DA:78,0
DA:79,0
DA:82,0
DA:84,0
DA:85,0
LF:41
LH:0
end_of_record
SF:lib/ui/localization.dart
DA:11,6
DA:13,0
DA:14,0
DA:21,0
DA:23,0
DA:24,0
DA:25,0
DA:26,0
DA:27,0
DA:29,0
DA:30,0
DA:32,0
DA:33,0
DA:36,0
DA:37,0
DA:38,0
DA:39,0
DA:40,0
DA:41,0
DA:42,0
DA:43,0
DA:45,0
DA:47,0
DA:48,0
DA:50,0
DA:53,0
DA:54,0
DA:55,0
DA:57,0
DA:59,0
DA:65,0
DA:66,0
DA:67,0
DA:68,0
DA:69,0
DA:70,0
DA:72,0
DA:73,0
DA:74,0
DA:75,0
DA:76,0
DA:77,0
DA:81,0
DA:82,0
DA:83,0
DA:89,0
DA:90,0
DA:91,0
DA:92,0
DA:93,0
DA:94,0
DA:95,0
DA:96,0
DA:97,0
DA:100,0
DA:101,0
DA:102,0
DA:103,0
DA:104,0
DA:105,0
DA:106,0
DA:107,0
DA:109,0
DA:111,0
DA:112,0
DA:114,0
DA:117,0
DA:119,0
DA:121,0
DA:123,0
DA:125,0
DA:127,0
DA:134,0
DA:135,0
DA:136,0
DA:137,0
DA:138,0
DA:141,0
DA:142,0
DA:146,0
DA:150,0
DA:152,0
DA:153,0
DA:154,0
DA:155,0
DA:156,0
DA:157,0
DA:158,0
DA:159,0
DA:160,0
DA:161,0
DA:162,0
DA:163,0
DA:164,0
DA:165,0
DA:166,0
DA:167,0
DA:168,0
DA:169,0
DA:170,0
DA:171,0
DA:172,0
DA:173,0
DA:174,0
DA:175,0
DA:177,0
DA:178,0
DA:181,0
DA:183,0
DA:187,0
DA:188,0
DA:189,0
DA:191,0
DA:193,0
DA:196,0
DA:200,0
DA:201,0
DA:203,0
DA:204,0
LF:119
LH:1
end_of_record
SF:lib/ui/shortcuts/shortcuts_main.dart
DA:10,6
DA:12,0
DA:13,0
DA:20,0
DA:22,0
DA:23,0
DA:26,0
DA:28,0
DA:29,0
DA:30,0
DA:39,0
DA:40,0
DA:41,0
DA:43,0
DA:44,0
DA:45,0
DA:46,0
DA:48,0
DA:49,0
DA:50,0
DA:51,0
DA:57,0
DA:58,0
DA:59,0
DA:60,0
DA:62,0
DA:74,6
DA:79,0
DA:82,0
DA:84,0
DA:90,6
DA:95,0
DA:98,0
DA:100,0
LF:34
LH:3
end_of_record
SF:lib/ui/upi_payments/easy_upi_payments.dart
DA:7,6
DA:9,0
DA:10,0
DA:20,0
DA:22,0
DA:23,0
DA:24,0
DA:26,0
DA:27,0
DA:28,0
DA:30,0
DA:33,0
DA:34,0
DA:35,0
DA:40,0
DA:41,0
DA:46,0
DA:47,0
DA:52,0
DA:53,0
DA:61,0
DA:62,0
DA:63,0
DA:64,0
DA:75,0
DA:77,0
DA:78,0
DA:79,0
DA:80,0
DA:81,0
DA:82,0
DA:86,0
DA:88,0
DA:91,0
DA:97,0
DA:98,0
DA:99,0
DA:100,0
DA:102,0
DA:103,0
DA:104,0
DA:105,0
DA:113,0
DA:114,0
DA:115,0
DA:136,0
LF:46
LH:1
end_of_record
SF:lib/ui/regular_widgets/stepper_ui.dart
DA:5,6
DA:7,0
DA:15,6
DA:17,0
DA:18,0
DA:86,0
DA:88,0
DA:89,0
DA:90,0
DA:91,0
DA:92,0
DA:94,0
DA:98,0
DA:99,0
DA:100,0
DA:102,0
DA:107,0
DA:108,0
DA:109,0
DA:110,0
DA:111,0
DA:115,0
DA:121,0
DA:122,0
DA:123,0
DA:125,0
DA:127,0
DA:131,0
DA:136,0
DA:137,0
DA:138,0
DA:139,0
DA:140,0
DA:141,0
DA:151,0
DA:152,0
DA:153,0
DA:156,0
DA:157,0
DA:158,0
DA:159,0
DA:162,0
DA:163,0
DA:164,0
DA:165,0
DA:167,0
DA:169,0
DA:170,0
DA:172,0
DA:174,0
DA:175,0
DA:176,0
DA:183,0
DA:188,0
LF:54
LH:2
end_of_record
SF:lib/ui/plugins/local_authentication.dart
DA:5,6
DA:7,0
DA:9,0
LF:3
LH:1
end_of_record
SF:lib/widgets/custom_app_bar.dart
DA:16,8
DA:18,4
DA:20,4
DA:21,4
DA:23,0
DA:24,4
DA:25,4
DA:27,4
DA:28,4
DA:29,5
DA:30,55
DA:35,4
DA:36,24
LF:13
LH:12
end_of_record
SF:lib/widgets/text_field.dart
DA:8,4
DA:26,2
DA:28,2
DA:29,2
DA:30,2
DA:31,2
DA:32,2
DA:33,2
DA:34,2
DA:38,2
DA:39,2
DA:40,4
DA:41,2
DA:42,2
LF:14
LH:14
end_of_record
SF:lib/ui/exception/exception.dart
DA:10,12
DA:12,3
DA:14,3
DA:15,3
DA:17,3
DA:19,3
DA:21,11
DA:23,0
DA:25,0
DA:27,0
DA:32,0
DA:33,0
DA:39,3
DA:40,3
DA:46,0
DA:47,0
DA:53,0
DA:54,0
DA:60,0
DA:61,0
DA:67,0
DA:68,0
DA:70,0
DA:74,3
DA:75,3
DA:76,3
DA:77,7
DA:78,3
DA:80,3
DA:82,3
DA:83,3
DA:85,15
LF:32
LH:18
end_of_record
SF:lib/ui/feature_discovery/home_feature_discovery.dart
DA:11,1
DA:12,1
DA:15,3
DA:17,1
DA:19,4
DA:25,1
DA:27,1
DA:30,0
DA:34,0
DA:36,0
DA:38,0
DA:41,0
DA:44,0
DA:52,0
DA:53,0
DA:54,0
DA:60,0
DA:62,0
DA:63,0
DA:65,0
DA:72,0
DA:74,0
DA:77,0
DA:78,0
DA:79,0
DA:96,1
DA:97,1
DA:98,1
DA:99,1
DA:100,1
DA:105,1
DA:107,1
DA:110,1
DA:112,5
DA:114,1
DA:130,1
DA:132,0
DA:139,1
DA:141,1
LF:39
LH:20
end_of_record
SF:lib/ui/feature_discovery/school_feature_discovery.dart
DA:11,2
DA:12,2
DA:15,6
DA:17,2
DA:19,0
DA:25,2
DA:26,2
DA:28,0
DA:31,0
DA:35,0
DA:36,0
DA:38,0
DA:41,0
DA:43,0
DA:46,0
DA:47,0
DA:50,2
DA:51,4
DA:52,2
DA:53,2
DA:54,4
DA:56,4
DA:57,2
DA:58,2
DA:60,2
DA:61,4
DA:62,2
DA:64,2
DA:73,16
DA:75,2
DA:76,2
DA:77,2
DA:78,2
DA:79,2
DA:80,2
DA:81,2
DA:82,2
DA:85,2
DA:86,2
DA:87,2
DA:88,2
DA:89,2
DA:90,2
DA:91,2
DA:92,2
DA:95,2
DA:96,2
DA:97,12
LF:48
LH:38
end_of_record
SF:lib/ui/schools/add_update_school_details.dart
DA:18,0
DA:20,0
DA:21,0
DA:35,0
DA:38,0
DA:42,0
DA:45,0
DA:47,0
DA:49,0
DA:53,0
DA:54,0
DA:55,0
DA:57,0
DA:59,0
DA:62,0
DA:63,0
DA:64,0
DA:67,0
DA:68,0
DA:70,0
DA:71,0
DA:74,0
DA:75,0
DA:77,0
DA:80,0
DA:82,0
DA:91,0
DA:93,0
DA:94,0
DA:96,0
DA:97,0
DA:98,0
DA:99,0
DA:100,0
DA:101,0
DA:102,0
DA:104,0
DA:105,0
DA:106,0
DA:107,0
DA:108,0
DA:110,0
LF:42
LH:0
end_of_record
SF:lib/ui/schools/create_update_school.dart
DA:14,9
DA:16,1
DA:17,1
DA:42,1
DA:44,2
DA:45,5
DA:46,5
DA:47,4
DA:49,1
DA:51,1
DA:54,1
DA:56,1
DA:58,4
DA:62,1
DA:63,1
DA:64,1
DA:66,1
DA:68,1
DA:71,1
DA:72,1
DA:73,1
DA:76,2
DA:78,1
DA:80,4
DA:81,1
DA:82,2
DA:83,1
DA:85,2
DA:87,1
DA:88,1
DA:91,2
DA:99,1
DA:101,1
DA:102,0
DA:104,1
DA:105,3
DA:106,0
DA:107,0
DA:108,0
DA:109,0
DA:110,0
DA:111,0
DA:112,0
DA:114,0
DA:116,0
LF:45
LH:35
end_of_record
SF:lib/ui/schools/create_update_student.dart
DA:16,3
DA:18,1
DA:19,1
DA:51,1
DA:53,2
DA:54,5
DA:55,5
DA:56,4
DA:58,1
DA:60,1
DA:63,1
DA:65,1
DA:67,5
DA:71,1
DA:72,1
DA:73,1
DA:75,1
DA:77,1
DA:80,1
DA:81,1
DA:82,1
DA:85,2
DA:87,1
DA:89,4
DA:90,1
DA:91,2
DA:92,1
DA:94,2
DA:96,1
DA:97,1
DA:100,2
DA:108,1
DA:110,1
DA:111,0
DA:113,1
DA:114,3
DA:115,0
DA:116,0
DA:117,0
DA:118,0
DA:119,0
DA:120,0
DA:121,0
DA:122,0
DA:123,0
DA:124,0
DA:125,0
DA:127,0
LF:48
LH:35
end_of_record
SF:lib/ui/schools/db_configurations_for_devs.dart
DA:6,6
DA:8,0
DA:9,0
DA:13,0
DA:15,0
DA:18,0
DA:20,0
DA:22,0
DA:23,0
DA:24,0
DA:25,0
DA:26,0
DA:29,0
DA:30,0
DA:32,0
DA:34,0
DA:36,0
DA:37,0
DA:38,0
DA:43,0
DA:45,0
DA:50,0
DA:51,0
DA:53,0
DA:54,0
DA:56,0
DA:61,0
DA:66,0
DA:73,0
DA:74,0
DA:79,0
DA:83,0
DA:86,0
DA:89,0
DA:93,0
LF:35
LH:1
end_of_record
SF:lib/ui/schools/dumping_status.dart
DA:12,6
DA:14,0
DA:15,0
DA:20,0
DA:22,0
DA:23,0
DA:24,0
DA:27,0
DA:30,0
DA:33,0
DA:36,0
DA:38,0
DA:40,0
DA:41,0
DA:42,0
DA:45,0
DA:46,0
DA:48,0
DA:50,0
DA:51,0
DA:52,0
DA:54,0
DA:71,0
DA:72,0
DA:73,0
DA:74,0
DA:75,0
DA:77,0
DA:85,0
DA:86,0
DA:88,0
DA:90,0
DA:91,0
DA:92,0
DA:97,0
DA:98,0
DA:100,0
DA:102,0
DA:106,0
DA:107,0
DA:108,0
DA:111,0
DA:112,0
DA:131,0
DA:132,0
LF:45
LH:1
end_of_record
SF:lib/ui/shortcuts/call_back_shortcuts.dart
DA:6,6
DA:8,0
DA:9,0
DA:14,0
DA:16,0
DA:17,0
DA:18,0
DA:19,0
DA:20,0
DA:23,0
DA:24,0
DA:25,0
DA:28,0
DA:29,0
DA:30,0
DA:34,0
DA:35,0
DA:36,0
DA:37,0
DA:38,0
DA:42,0
DA:43,0
DA:44,0
DA:45,0
DA:46,0
DA:49,0
DA:50,0
DA:52,0
DA:53,0
DA:54,0
DA:59,0
DA:60,0
DA:63,0
DA:64,0
DA:74,0
LF:35
LH:1
end_of_record
SF:lib/ui/shortcuts/shortcut_actions.dart
DA:7,0
DA:11,0
DA:14,0
DA:15,0
DA:16,0
DA:18,0
DA:19,0
DA:21,0
DA:38,0
DA:40,0
DA:41,0
DA:42,0
DA:49,6
DA:54,0
DA:58,0
DA:60,0
LF:16
LH:1
end_of_record
